七月 31, 2019 7:59:54 下午 org.apache.catalina.startup.VersionLoggerListener log
信息: Server version:        Apache Tomcat/7.0.68
七月 31, 2019 7:59:54 下午 org.apache.catalina.startup.VersionLoggerListener log
信息: Server built:          Feb 8 2016 20:25:54 UTC
七月 31, 2019 7:59:54 下午 org.apache.catalina.startup.VersionLoggerListener log
信息: Server number:         7.0.68.0
七月 31, 2019 7:59:54 下午 org.apache.catalina.startup.VersionLoggerListener log
信息: OS Name:               Windows 10
七月 31, 2019 7:59:54 下午 org.apache.catalina.startup.VersionLoggerListener log
信息: OS Version:            10.0
七月 31, 2019 7:59:54 下午 org.apache.catalina.startup.VersionLoggerListener log
信息: Architecture:          amd64
七月 31, 2019 7:59:54 下午 org.apache.catalina.startup.VersionLoggerListener log
信息: Java Home:             C:\Program Files\Java\jdk1.8.0_181\jre
七月 31, 2019 7:59:54 下午 org.apache.catalina.startup.VersionLoggerListener log
信息: JVM Version:           1.8.0_181-b13
七月 31, 2019 7:59:54 下午 org.apache.catalina.startup.VersionLoggerListener log
信息: JVM Vendor:            Oracle Corporation
七月 31, 2019 7:59:54 下午 org.apache.catalina.startup.VersionLoggerListener log
信息: CATALINA_BASE:         D:\ideaPo\apache-staticHtml
七月 31, 2019 7:59:54 下午 org.apache.catalina.startup.VersionLoggerListener log
信息: CATALINA_HOME:         D:\ideaPo\apache-staticHtml
七月 31, 2019 7:59:54 下午 org.apache.catalina.startup.VersionLoggerListener log
信息: Command line argument: -Djava.util.logging.config.file=D:\ideaPo\apache-staticHtml\conf\logging.properties
七月 31, 2019 7:59:54 下午 org.apache.catalina.startup.VersionLoggerListener log
信息: Command line argument: -Djava.util.logging.manager=org.apache.juli.ClassLoaderLogManager
七月 31, 2019 7:59:54 下午 org.apache.catalina.startup.VersionLoggerListener log
信息: Command line argument: -Djava.endorsed.dirs=D:\ideaPo\apache-staticHtml\endorsed
七月 31, 2019 7:59:54 下午 org.apache.catalina.startup.VersionLoggerListener log
信息: Command line argument: -Dcatalina.base=D:\ideaPo\apache-staticHtml
七月 31, 2019 7:59:54 下午 org.apache.catalina.startup.VersionLoggerListener log
信息: Command line argument: -Dcatalina.home=D:\ideaPo\apache-staticHtml
七月 31, 2019 7:59:54 下午 org.apache.catalina.startup.VersionLoggerListener log
信息: Command line argument: -Djava.io.tmpdir=D:\ideaPo\apache-staticHtml\temp
七月 31, 2019 7:59:54 下午 org.apache.catalina.core.AprLifecycleListener lifecycleEvent
信息: Loaded APR based Apache Tomcat Native library 1.1.33 using APR version 1.5.1.
七月 31, 2019 7:59:54 下午 org.apache.catalina.core.AprLifecycleListener lifecycleEvent
信息: APR capabilities: IPv6 [true], sendfile [true], accept filters [false], random [true].
七月 31, 2019 7:59:54 下午 org.apache.catalina.core.AprLifecycleListener initializeSSL
信息: OpenSSL successfully initialized (OpenSSL 1.0.1m 19 Mar 2015)
七月 31, 2019 7:59:55 下午 org.apache.coyote.AbstractProtocol init
信息: Initializing ProtocolHandler ["http-apr-18000"]
七月 31, 2019 7:59:55 下午 org.apache.coyote.AbstractProtocol init
信息: Initializing ProtocolHandler ["ajp-apr-8009"]
七月 31, 2019 7:59:55 下午 org.apache.catalina.startup.Catalina load
信息: Initialization processed in 2181 ms
七月 31, 2019 7:59:55 下午 org.apache.catalina.core.StandardService startInternal
信息: Starting service Catalina
七月 31, 2019 7:59:55 下午 org.apache.catalina.core.StandardEngine startInternal
信息: Starting Servlet Engine: Apache Tomcat/7.0.68
七月 31, 2019 7:59:55 下午 org.apache.catalina.startup.HostConfig deployDirectory
信息: Deploying web application directory D:\ideaPo\apache-staticHtml\webapps\docs
七月 31, 2019 7:59:56 下午 org.apache.catalina.util.SessionIdGeneratorBase createSecureRandom
信息: Creation of SecureRandom instance for session ID generation using [SHA1PRNG] took [134] milliseconds.
七月 31, 2019 7:59:56 下午 org.apache.catalina.startup.HostConfig deployDirectory
信息: Deployment of web application directory D:\ideaPo\apache-staticHtml\webapps\docs has finished in 860 ms
七月 31, 2019 7:59:56 下午 org.apache.catalina.startup.HostConfig deployDirectory
信息: Deploying web application directory D:\ideaPo\apache-staticHtml\webapps\examples
七月 31, 2019 7:59:57 下午 org.apache.catalina.startup.HostConfig deployDirectory
信息: Deployment of web application directory D:\ideaPo\apache-staticHtml\webapps\examples has finished in 1,662 ms
七月 31, 2019 7:59:57 下午 org.apache.catalina.startup.HostConfig deployDirectory
信息: Deploying web application directory D:\ideaPo\apache-staticHtml\webapps\host-manager
七月 31, 2019 7:59:58 下午 org.apache.catalina.startup.HostConfig deployDirectory
信息: Deployment of web application directory D:\ideaPo\apache-staticHtml\webapps\host-manager has finished in 105 ms
七月 31, 2019 7:59:58 下午 org.apache.catalina.startup.HostConfig deployDirectory
信息: Deploying web application directory D:\ideaPo\apache-staticHtml\webapps\ListenerRSA
七月 31, 2019 7:59:58 下午 org.apache.catalina.startup.HostConfig deployDirectory
信息: Deployment of web application directory D:\ideaPo\apache-staticHtml\webapps\ListenerRSA has finished in 403 ms
七月 31, 2019 7:59:58 下午 org.apache.catalina.startup.HostConfig deployDirectory
信息: Deploying web application directory D:\ideaPo\apache-staticHtml\webapps\manager
七月 31, 2019 7:59:58 下午 org.apache.catalina.startup.HostConfig deployDirectory
信息: Deployment of web application directory D:\ideaPo\apache-staticHtml\webapps\manager has finished in 69 ms
七月 31, 2019 7:59:58 下午 org.apache.catalina.startup.HostConfig deployDirectory
信息: Deploying web application directory D:\ideaPo\apache-staticHtml\webapps\ROOT
七月 31, 2019 7:59:58 下午 org.apache.catalina.startup.HostConfig deployDirectory
信息: Deployment of web application directory D:\ideaPo\apache-staticHtml\webapps\ROOT has finished in 66 ms
七月 31, 2019 7:59:58 下午 org.apache.catalina.startup.HostConfig deployDirectory
信息: Deploying web application directory D:\ideaPo\apache-staticHtml\webapps\staticHtml
七月 31, 2019 7:59:58 下午 org.apache.catalina.startup.HostConfig deployDirectory
信息: Deployment of web application directory D:\ideaPo\apache-staticHtml\webapps\staticHtml has finished in 37 ms
七月 31, 2019 7:59:58 下午 org.apache.coyote.AbstractProtocol start
信息: Starting ProtocolHandler ["http-apr-18000"]
七月 31, 2019 7:59:58 下午 org.apache.coyote.AbstractProtocol start
信息: Starting ProtocolHandler ["ajp-apr-8009"]
七月 31, 2019 7:59:58 下午 org.apache.catalina.startup.Catalina start
信息: Server startup in 3332 ms
